# JRE version: OpenJDK Runtime Environment (21.0.9) (build 21.0.9+-14787801-b1163.94)
# Java VM: OpenJDK 64-Bit Server VM (21.0.9+-14787801-b1163.94, mixed mode, tiered, compressed oops, compressed class ptrs, g1 gc, windows-amd64)
GC Precious Log:
 CardTable entry size: 512
 Card Set container configuration: InlinePtr #cards 4 size 8 Array Of Cards #cards 32 size 80 Howl #buckets 8 coarsen threshold 7372 Howl Bitmap #cards 1024 size 144 coarsen threshold 921 Card regions per heap region 1 cards per card region 8192
 CPUs: 8 total, 8 available
 Memory: 16254M
 Large Page Support: Disabled
 NUMA Support: Disabled
 Compressed Oops: Enabled (Zero based)
 Heap Region Size: 4M
 Heap Min Capacity: 8M
 Heap Initial Capacity: 256M
 Heap Max Capacity: 8G
 Pre-touch: Disabled
 Parallel Workers: 8
 Concurrent Workers: 2
 Concurrent Refinement Workers: 8
 Periodic GC: Disabled
Heap:
 garbage-first heap   total 544768K, used 408492K [0x0000000600000000, 0x0000000800000000)
  region size 4096K, 35 young (143360K), 8 survivors (32768K)
 Metaspace       used 201170K, committed 204096K, reserved 1245184K
  class space    used 26855K, committed 28224K, reserved 1048576K
GC Heap History (20 events):
Event: 4499.400 GC heap before
{Heap before GC invocations=74 (full 0):
 garbage-first heap   total 389120K, used 319546K [0x0000000600000000, 0x0000000800000000)
  region size 4096K, 23 young (94208K), 1 survivors (4096K)
 Metaspace       used 159474K, committed 162240K, reserved 1245184K
  class space    used 22444K, committed 23744K, reserved 1048576K
}
Event: 4499.408 GC heap after
{Heap after GC invocations=75 (full 0):
 garbage-first heap   total 389120K, used 235387K [0x0000000600000000, 0x0000000800000000)
  region size 4096K, 3 young (12288K), 3 survivors (12288K)
 Metaspace       used 159474K, committed 162240K, reserved 1245184K
  class space    used 22444K, committed 23744K, reserved 1048576K
}
Event: 4501.738 GC heap before
{Heap before GC invocations=75 (full 0):
 garbage-first heap   total 389120K, used 341883K [0x0000000600000000, 0x0000000800000000)
  region size 4096K, 30 young (122880K), 3 survivors (12288K)
 Metaspace       used 168465K, committed 171264K, reserved 1245184K
  class space    used 23549K, committed 24896K, reserved 1048576K
}
Event: 4501.762 GC heap after
{Heap after GC invocations=76 (full 0):
 garbage-first heap   total 389120K, used 238444K [0x0000000600000000, 0x0000000800000000)
  region size 4096K, 4 young (16384K), 4 survivors (16384K)
 Metaspace       used 168465K, committed 171264K, reserved 1245184K
  class space    used 23549K, committed 24896K, reserved 1048576K
}
Event: 4504.223 GC heap before
{Heap before GC invocations=76 (full 0):
 garbage-first heap   total 389120K, used 349036K [0x0000000600000000, 0x0000000800000000)
  region size 4096K, 31 young (126976K), 4 survivors (16384K)
 Metaspace       used 174977K, committed 177792K, reserved 1245184K
  class space    used 24190K, committed 25536K, reserved 1048576K
}
Event: 4504.251 GC heap after
{Heap after GC invocations=77 (full 0):
 garbage-first heap   total 389120K, used 247597K [0x0000000600000000, 0x0000000800000000)
  region size 4096K, 4 young (16384K), 4 survivors (16384K)
 Metaspace       used 174977K, committed 177792K, reserved 1245184K
  class space    used 24190K, committed 25536K, reserved 1048576K
}
Event: 4507.182 GC heap before
{Heap before GC invocations=78 (full 0):
 garbage-first heap   total 417792K, used 349997K [0x0000000600000000, 0x0000000800000000)
  region size 4096K, 30 young (122880K), 4 survivors (16384K)
 Metaspace       used 189762K, committed 192576K, reserved 1245184K
  class space    used 25752K, committed 27072K, reserved 1048576K
}
Event: 4507.209 GC heap after
{Heap after GC invocations=79 (full 0):
 garbage-first heap   total 417792K, used 253366K [0x0000000600000000, 0x0000000800000000)
  region size 4096K, 2 young (8192K), 2 survivors (8192K)
 Metaspace       used 189762K, committed 192576K, reserved 1245184K
  class space    used 25752K, committed 27072K, reserved 1048576K
}
Event: 4510.532 GC heap before
{Heap before GC invocations=79 (full 0):
 garbage-first heap   total 417792K, used 372150K [0x0000000600000000, 0x0000000800000000)
  region size 4096K, 32 young (131072K), 2 survivors (8192K)
 Metaspace       used 197953K, committed 200768K, reserved 1245184K
  class space    used 26688K, committed 28032K, reserved 1048576K
}
Event: 4510.552 GC heap after
{Heap after GC invocations=80 (full 0):
 garbage-first heap   total 503808K, used 257822K [0x0000000600000000, 0x0000000800000000)
  region size 4096K, 4 young (16384K), 4 survivors (16384K)
 Metaspace       used 197953K, committed 200768K, reserved 1245184K
  class space    used 26688K, committed 28032K, reserved 1048576K
}
Event: 4626.486 GC heap before
{Heap before GC invocations=80 (full 0):
 garbage-first heap   total 503808K, used 438046K [0x0000000600000000, 0x0000000800000000)
  region size 4096K, 49 young (200704K), 4 survivors (16384K)
 Metaspace       used 199030K, committed 201856K, reserved 1245184K
  class space    used 26789K, committed 28096K, reserved 1048576K
}
Event: 4626.513 GC heap after
{Heap after GC invocations=81 (full 0):
 garbage-first heap   total 503808K, used 260846K [0x0000000600000000, 0x0000000800000000)
  region size 4096K, 5 young (20480K), 5 survivors (20480K)
 Metaspace       used 199030K, committed 201856K, reserved 1245184K
  class space    used 26789K, committed 28096K, reserved 1048576K
}
Event: 4730.068 GC heap before
{Heap before GC invocations=82 (full 0):
 garbage-first heap   total 503808K, used 461550K [0x0000000600000000, 0x0000000800000000)
  region size 4096K, 54 young (221184K), 5 survivors (20480K)
 Metaspace       used 199030K, committed 201856K, reserved 1245184K
  class space    used 26789K, committed 28096K, reserved 1048576K
}
Event: 4730.097 GC heap after
{Heap after GC invocations=83 (full 0):
 garbage-first heap   total 503808K, used 260481K [0x0000000600000000, 0x0000000800000000)
  region size 4096K, 3 young (12288K), 3 survivors (12288K)
 Metaspace       used 199030K, committed 201856K, reserved 1245184K
  class space    used 26789K, committed 28096K, reserved 1048576K
}
Event: 5317.534 GC heap before
{Heap before GC invocations=83 (full 0):
 garbage-first heap   total 503808K, used 473473K [0x0000000600000000, 0x0000000800000000)
  region size 4096K, 55 young (225280K), 3 survivors (12288K)
 Metaspace       used 199333K, committed 202176K, reserved 1245184K
  class space    used 26805K, committed 28160K, reserved 1048576K
}
Event: 5317.569 GC heap after
{Heap after GC invocations=84 (full 0):
 garbage-first heap   total 507904K, used 257774K [0x0000000600000000, 0x0000000800000000)
  region size 4096K, 6 young (24576K), 6 survivors (24576K)
 Metaspace       used 199333K, committed 202176K, reserved 1245184K
  class space    used 26805K, committed 28160K, reserved 1048576K
}
Event: 5772.055 GC heap before
{Heap before GC invocations=84 (full 0):
 garbage-first heap   total 507904K, used 474862K [0x0000000600000000, 0x0000000800000000)
  region size 4096K, 59 young (241664K), 6 survivors (24576K)
 Metaspace       used 199643K, committed 202432K, reserved 1245184K
  class space    used 26816K, committed 28160K, reserved 1048576K
}
Event: 5772.078 GC heap after
{Heap after GC invocations=85 (full 0):
 garbage-first heap   total 507904K, used 253958K [0x0000000600000000, 0x0000000800000000)
  region size 4096K, 3 young (12288K), 3 survivors (12288K)
 Metaspace       used 199643K, committed 202432K, reserved 1245184K
  class space    used 26816K, committed 28160K, reserved 1048576K
}
Event: 5776.625 GC heap before
{Heap before GC invocations=86 (full 0):
 garbage-first heap   total 507904K, used 487430K [0x0000000600000000, 0x0000000800000000)
  region size 4096K, 57 young (233472K), 3 survivors (12288K)
 Metaspace       used 199918K, committed 202816K, reserved 1245184K
  class space    used 26818K, committed 28160K, reserved 1048576K
}
Event: 5776.677 GC heap after
{Heap after GC invocations=87 (full 0):
 garbage-first heap   total 544768K, used 301996K [0x0000000600000000, 0x0000000800000000)
  region size 4096K, 8 young (32768K), 8 survivors (32768K)
 Metaspace       used 199918K, committed 202816K, reserved 1245184K
  class space    used 26818K, committed 28160K, reserved 1048576K
}

